0 info it worked if it ends with ok
1 verbose cli [ '/usr/local/bin/node',
1 verbose cli   '/Users/danilomartins/npm-global/bin/npm',
1 verbose cli   'start' ]
2 info using npm@3.10.9
3 info using node@v4.6.1
4 verbose run-script [ 'prestart', 'start', 'poststart' ]
5 info lifecycle nodenews@0.0.0~prestart: nodenews@0.0.0
6 silly lifecycle nodenews@0.0.0~prestart: no script for prestart, continuing
7 info lifecycle nodenews@0.0.0~start: nodenews@0.0.0
8 verbose lifecycle nodenews@0.0.0~start: unsafe-perm in lifecycle true
9 verbose lifecycle nodenews@0.0.0~start: PATH: /Users/danilomartins/npm-global/lib/node_modules/npm/bin/node-gyp-bin:/Users/danilomartins/thinkster/nodenews/node_modules/.bin:/Users/danilomartins/.rvm/gems/ruby-2.3.0/bin:/Users/danilomartins/.rvm/gems/ruby-2.3.0@global/bin:/Users/danilomartins/.rvm/rubies/ruby-2.3.0/bin:/Users/danilomartins/npm-global/bin:/usr/local/bin:/usr/bin:/bin:/usr/sbin:/sbin:/Users/danilomartins/.rvm/bin
10 verbose lifecycle nodenews@0.0.0~start: CWD: /Users/danilomartins/thinkster/nodenews
11 silly lifecycle nodenews@0.0.0~start: Args: [ '-c', 'node ./bin/www' ]
12 silly lifecycle nodenews@0.0.0~start: Returned: code: 1  signal: null
13 info lifecycle nodenews@0.0.0~start: Failed to exec start script
14 verbose stack Error: nodenews@0.0.0 start: `node ./bin/www`
14 verbose stack Exit status 1
14 verbose stack     at EventEmitter.<anonymous> (/Users/danilomartins/npm-global/lib/node_modules/npm/lib/utils/lifecycle.js:255:16)
14 verbose stack     at emitTwo (events.js:87:13)
14 verbose stack     at EventEmitter.emit (events.js:172:7)
14 verbose stack     at ChildProcess.<anonymous> (/Users/danilomartins/npm-global/lib/node_modules/npm/lib/utils/spawn.js:40:14)
14 verbose stack     at emitTwo (events.js:87:13)
14 verbose stack     at ChildProcess.emit (events.js:172:7)
14 verbose stack     at maybeClose (internal/child_process.js:829:16)
14 verbose stack     at Process.ChildProcess._handle.onexit (internal/child_process.js:211:5)
15 verbose pkgid nodenews@0.0.0
16 verbose cwd /Users/danilomartins/thinkster/nodenews
17 error Darwin 15.6.0
18 error argv "/usr/local/bin/node" "/Users/danilomartins/npm-global/bin/npm" "start"
19 error node v4.6.1
20 error npm  v3.10.9
21 error code ELIFECYCLE
22 error nodenews@0.0.0 start: `node ./bin/www`
22 error Exit status 1
23 error Failed at the nodenews@0.0.0 start script 'node ./bin/www'.
23 error Make sure you have the latest version of node.js and npm installed.
23 error If you do, this is most likely a problem with the nodenews package,
23 error not with npm itself.
23 error Tell the author that this fails on your system:
23 error     node ./bin/www
23 error You can get information on how to open an issue for this project with:
23 error     npm bugs nodenews
23 error Or if that isn't available, you can get their info via:
23 error     npm owner ls nodenews
23 error There is likely additional logging output above.
24 verbose exit [ 1, true ]
